<?xml version="1.0" encoding="UTF-8"?>
<testsuite xmlns:xsi="http://www.w3.org/2001/XMLSchema-instance" xsi:noNamespaceSchemaLocation="https://maven.apache.org/surefire/maven-surefire-plugin/xsd/surefire-test-report-3.0.xsd" version="3.0" name="ecomistyka.server.ServerApplicationTests" time="8.135" tests="1" errors="0" skipped="0" failures="0">
  <properties>
[...]
</properties>
  <testcase name="contextLoads" classname="ecomistyka.server.ServerApplicationTests" time="1.094">
    <system-out><![CDATA[Standard Commons Logging discovery in action with spring-jcl: please remove commons-logging.jar from classpath in order to avoid potential conflicts
20:44:00.144 [main] INFO org.springframework.test.context.support.AnnotationConfigContextLoaderUtils -- Could not detect default configuration classes for test class [ecomistyka.server.ServerApplicationTests]: ServerApplicationTests does not declare any static, non-private, non-final, nested classes annotated with @Configuration.
20:44:00.437 [main] INFO org.springframework.boot.test.context.SpringBootTestContextBootstrapper -- Found @SpringBootConfiguration ecomistyka.server.ServerApplication for test class ecomistyka.server.ServerApplicationTests
20:44:00.719 [main] INFO org.springframework.boot.devtools.restart.RestartApplicationListener -- Restart disabled due to context in which it is running

  .   ____          _            __ _ _
 /\\ / ___'_ __ _ _(_)_ __  __ _ \ \ \ \
( ( )\___ | '_ | '_| | '_ \/ _` | \ \ \ \
 \\/  ___)| |_)| | | | | || (_| |  ) ) ) )
  '  |____| .__|_| |_|_| |_\__, | / / / /
 =========|_|==============|___/=/_/_/_/

 :: Spring Boot ::                (v3.3.5)

2025-01-11T20:44:01.402-03:00  INFO 13188 --- [server] [           main] e.server.ServerApplicationTests          : Starting ServerApplicationTests using Java 18.0.2 with PID 13188 (started by Nicolas in D:\NetBeansProjects\central\server)
2025-01-11T20:44:01.405-03:00  INFO 13188 --- [server] [           main] e.server.ServerApplicationTests          : No active profile set, falling back to 1 default profile: "default"
2025-01-11T20:44:03.286-03:00  INFO 13188 --- [server] [           main] o.s.cloud.context.scope.GenericScope     : BeanFactory id=3ae86b90-ca95-3d8b-b5d9-702784557aec
2025-01-11T20:44:03.441-03:00  WARN 13188 --- [server] [           main] trationDelegate$BeanPostProcessorChecker : Bean 'org.springframework.cloud.client.loadbalancer.LoadBalancerAutoConfiguration$DeferringLoadBalancerInterceptorConfig' of type [org.springframework.cloud.client.loadbalancer.LoadBalancerAutoConfiguration$DeferringLoadBalancerInterceptorConfig] is not eligible for getting processed by all BeanPostProcessors (for example: not eligible for auto-proxying). The currently created BeanPostProcessor [lbRestClientPostProcessor] is declared through a non-static factory method on that class; consider declaring it as static instead.
2025-01-11T20:44:03.446-03:00  WARN 13188 --- [server] [           main] trationDelegate$BeanPostProcessorChecker : Bean 'deferringLoadBalancerInterceptor' of type [org.springframework.cloud.client.loadbalancer.DeferringLoadBalancerInterceptor] is not eligible for getting processed by all BeanPostProcessors (for example: not eligible for auto-proxying). Is this bean getting eagerly injected/applied to a currently created BeanPostProcessor [lbRestClientPostProcessor]? Check the corresponding BeanPostProcessor declaration and its dependencies/advisors. If this bean does not have to be post-processed, declare it with ROLE_INFRASTRUCTURE.
2025-01-11T20:44:05.304-03:00  WARN 13188 --- [server] [           main] iguration$LoadBalancerCaffeineWarnLogger : Spring Cloud LoadBalancer is currently working with the default cache. While this cache implementation is useful for development and tests, it's recommended to use Caffeine cache in production.You can switch to using Caffeine cache, by adding it and org.springframework.cache.caffeine.CaffeineCacheManager to the classpath.
2025-01-11T20:44:05.676-03:00  INFO 13188 --- [server] [           main] o.s.c.n.eureka.InstanceInfoFactory       : Setting initial instance status as: STARTING
2025-01-11T20:44:05.702-03:00  INFO 13188 --- [server] [           main] com.netflix.discovery.DiscoveryClient    : Initializing Eureka in region us-east-1
2025-01-11T20:44:05.703-03:00  INFO 13188 --- [server] [           main] com.netflix.discovery.DiscoveryClient    : Client configured to neither register nor query for data.
2025-01-11T20:44:05.706-03:00  INFO 13188 --- [server] [           main] com.netflix.discovery.DiscoveryClient    : Discovery Client initialized at timestamp 1736639045705 with initial instances count: 0
2025-01-11T20:44:05.769-03:00  INFO 13188 --- [server] [           main] c.n.eureka.DefaultEurekaServerContext    : Initializing ...
2025-01-11T20:44:05.771-03:00  INFO 13188 --- [server] [           main] c.n.eureka.cluster.PeerEurekaNodes       : Adding new peer nodes [http://localhost:8761/eureka/]
2025-01-11T20:44:06.248-03:00  INFO 13188 --- [server] [           main] c.n.d.provider.DiscoveryJerseyProvider   : Using JSON encoding codec LegacyJacksonJson
2025-01-11T20:44:06.248-03:00  INFO 13188 --- [server] [           main] c.n.d.provider.DiscoveryJerseyProvider   : Using JSON decoding codec LegacyJacksonJson
2025-01-11T20:44:06.248-03:00  INFO 13188 --- [server] [           main] c.n.d.provider.DiscoveryJerseyProvider   : Using XML encoding codec XStreamXml
2025-01-11T20:44:06.248-03:00  INFO 13188 --- [server] [           main] c.n.d.provider.DiscoveryJerseyProvider   : Using XML decoding codec XStreamXml
2025-01-11T20:44:06.321-03:00  INFO 13188 --- [server] [           main] c.n.eureka.cluster.PeerEurekaNodes       : Replica node URL:  http://localhost:8761/eureka/
2025-01-11T20:44:06.332-03:00  INFO 13188 --- [server] [           main] c.n.e.registry.AbstractInstanceRegistry  : Finished initializing remote region registries. All known remote regions: []
2025-01-11T20:44:06.332-03:00  INFO 13188 --- [server] [           main] c.n.eureka.DefaultEurekaServerContext    : Initialized
2025-01-11T20:44:06.438-03:00  INFO 13188 --- [server] [           main] o.s.b.a.e.web.EndpointLinksResolver      : Exposing 1 endpoint beneath base path '/actuator'
2025-01-11T20:44:06.525-03:00  INFO 13188 --- [server] [           main] o.s.c.n.e.s.EurekaServiceRegistry        : Registering application SERVER with eureka with status UP
2025-01-11T20:44:06.552-03:00  INFO 13188 --- [server] [      Thread-11] o.s.c.n.e.server.EurekaServerBootstrap   : isAws returned false
2025-01-11T20:44:06.553-03:00  INFO 13188 --- [server] [      Thread-11] o.s.c.n.e.server.EurekaServerBootstrap   : Initialized server context
2025-01-11T20:44:06.553-03:00  INFO 13188 --- [server] [           main] e.server.ServerApplicationTests          : Started ServerApplicationTests in 5.857 seconds (process running for 8.07)
2025-01-11T20:44:06.553-03:00  INFO 13188 --- [server] [      Thread-11] c.n.e.r.PeerAwareInstanceRegistryImpl    : Got 1 instances from neighboring DS node
2025-01-11T20:44:06.553-03:00  INFO 13188 --- [server] [      Thread-11] c.n.e.r.PeerAwareInstanceRegistryImpl    : Renew threshold is: 1
2025-01-11T20:44:06.553-03:00  INFO 13188 --- [server] [      Thread-11] c.n.e.r.PeerAwareInstanceRegistryImpl    : Changing status to UP
2025-01-11T20:44:06.556-03:00  INFO 13188 --- [server] [      Thread-11] e.s.EurekaServerInitializerConfiguration : Started Eureka Server
]]></system-out>
  </testcase>
</testsuite>